Arguments: 
  /usr/local/Cellar/node/9.4.0/bin/node /Users/fguti/.yarn/bin/yarn.js run dev-serfver

PATH: 
  /Users/fguti/.yarn/bin:/Users/fguti/.config/yarn/global/node_modules/.bin:/usr/local/bin:/usr/bin:/bin:/usr/sbin:/sbin:/usr/local/share/dotnet:/opt/X11/bin:/Library/Frameworks/Mono.framework/Versions/Current/Commands:/Applications/Xamarin Workbooks.app/Contents/SharedSupport/path-bin:/Users/fguti/.yarn/bin:/Users/fguti/.config/yarn/global/node_modules/.bin:/Users/fguti/Library/Android/sdk/tools:/Users/fguti/Library/Android/sdk/platform-tools:/Users/fguti/Library/Android/sdk/tools:/Users/fguti/Library/Android/sdk/platform-tools

Yarn version: 
  1.5.1

Node version: 
  9.4.0

Platform: 
  darwin x64

npm manifest: 
  {
    "name": "boilerplate-react-app",
    "version": "2.0.0",
    "main": "index.js",
    "author": "Ferenc Gutierrez",
    "license": "MIT",
    "scripts": {
      "build:dev": "webpack",
      "build:prod": "webpack -p --env production",
      "dev-server": "concurrently \"webpack-dev-server\" \"yarn start-dev\" ",
      "test": "cross-env NODE_ENV=test jest --config=jest.config.json",
      "start": "node server/server.js",
      "start-dev": "nodemon server/server.js",
      "heroku-postbuild": "yarn run build:prod"
    },
    "dependencies": {
      "axios": "^0.18.0",
      "babel-cli": "6.24.1",
      "babel-core": "^6.26.0",
      "babel-loader": "^7.1.2",
      "babel-plugin-transform-class-properties": "^6.24.1",
      "babel-plugin-transform-object-rest-spread": "^6.26.0",
      "babel-polyfill": "^6.26.0",
      "babel-preset-env": "^1.6.1",
      "babel-preset-react": "^6.24.1",
      "cors": "^2.8.4",
      "css-loader": "^0.28.7",
      "express": "^4.16.2",
      "extract-text-webpack-plugin": "^3.0.2",
      "firebase": "^4.9.0",
      "g": "^2.0.1",
      "heroku-cli": "^6.15.18",
      "history": "^4.7.2",
      "moment": "^2.20.1",
      "moments": "^0.0.2",
      "mongoose": "^5.0.8",
      "node-sass": "^4.7.2",
      "normalize.css": "^7.0.0",
      "numeral": "^2.0.6",
      "raf": "^3.4.0",
      "react": "^16.2.0",
      "react-addons-shallow-compare": "^15.6.2",
      "react-dates": "12.7.0",
      "react-dom": "^16.2.0",
      "react-modal": "^3.1.6",
      "react-redux": "^5.0.6",
      "react-router-dom": "^4.2.2",
      "redux": "^3.7.2",
      "redux-mock-store": "^1.5.0",
      "redux-thunk": "^2.2.0",
      "sass-loader": "^6.0.6",
      "style-loader": "^0.19.0",
      "uuid": "^3.1.0",
      "validator": "8.0.0",
      "webpack": "3.1.0"
    },
    "devDependencies": {
      "concurrently": "^3.5.1",
      "cross-env": "^5.1.3",
      "dotenv": "^4.0.0",
      "enzyme": "^3.3.0",
      "enzyme-adapter-react-16": "^1.1.1",
      "enzyme-to-json": "^3.3.0",
      "jest": "^22.1.1",
      "react-test-renderer": "^16.2.0",
      "webpack-dev-server": "^2.9.5"
    },
    "proxy": "http://localhost:4000/"
  }

yarn manifest: 
  No manifest

Lockfile: 
  No lockfile

Trace: 
  Error: Command "dev-serfver" not found. Did you mean "dev-server"?
      at new MessageError (/Users/fguti/.yarn/lib/cli.js:186:110)
      at /Users/fguti/.yarn/lib/cli.js:87307:17
      at Generator.next (<anonymous>)
      at step (/Users/fguti/.yarn/lib/cli.js:98:30)
      at /Users/fguti/.yarn/lib/cli.js:116:14
      at new Promise (<anonymous>)
      at new F (/Users/fguti/.yarn/lib/cli.js:23451:28)
      at /Users/fguti/.yarn/lib/cli.js:95:12
      at runCommand (/Users/fguti/.yarn/lib/cli.js:87312:22)
      at Object.<anonymous> (/Users/fguti/.yarn/lib/cli.js:87412:14)
